e:\projects\waves\waves\debug\waves.pch
e:\projects\waves\waves\debug\vc140.pdb
e:\projects\waves\waves\debug\vc140.idb
e:\projects\waves\waves\debug\stdafx.obj
e:\projects\waves\waves\debug\gamegrid.obj
e:\projects\waves\waves\debug\gamenode.obj
e:\projects\waves\waves\debug\gamewire.obj
e:\projects\waves\waves\debug\guibutton.obj
e:\projects\waves\waves\debug\simcontroller.obj
e:\projects\waves\waves\debug\simnode.obj
e:\projects\waves\waves\debug\simwire.obj
e:\projects\waves\waves\debug\waves.obj
e:\projects\waves\debug\waves.ilk
e:\projects\waves\debug\waves.exe
e:\projects\waves\debug\waves.pdb
e:\projects\waves\waves\debug\waves.tlog\cl.command.1.tlog
e:\projects\waves\waves\debug\waves.tlog\cl.read.1.tlog
e:\projects\waves\waves\debug\waves.tlog\cl.write.1.tlog
e:\projects\waves\waves\debug\waves.tlog\link.command.1.tlog
e:\projects\waves\waves\debug\waves.tlog\link.read.1.tlog
e:\projects\waves\waves\debug\waves.tlog\link.write.1.tlog
