  XmlTestReporter.cpp
  TimeHelpers.cpp
  TimeConstraint.cpp
  TestRunner.cpp
  TestResults.cpp
  TestReporterStdout.cpp
  TestReporter.cpp
  TestList.cpp
  TestDetails.cpp
  Test.cpp
  ReportAssert.cpp
  MemoryOutStream.cpp
  DeferredTestResult.cpp
e:\projects\waves\waves\unittest++\deferredtestresult.cpp(19): warning C4996: 'strcpy': This function or variable may be unsafe. Consider using strcpy_s instead. To disable deprecation, use _CRT_SECURE_NO_WARNINGS. See online help for details.
  c:\program files (x86)\windows kits\10\include\10.0.10240.0\ucrt\string.h(119): note: see declaration of 'strcpy'
  DeferredTestReporter.cpp
  CurrentTest.cpp
  CompositeTestReporter.cpp
  Checks.cpp
  AssertException.cpp
  Generating Code...
  Waves.vcxproj -> E:\projects\Waves\Debug\Heatwave.exe
