e:\projects\waves\waves\release\heatwave.pch
e:\projects\waves\waves\release\vc140.pdb
e:\projects\waves\waves\release\stdafx.obj
e:\projects\waves\waves\release\simwire.obj
e:\projects\waves\waves\release\simnode.obj
e:\projects\waves\waves\release\simcontroller.obj
e:\projects\waves\waves\release\main.obj
e:\projects\waves\waves\release\guisimcontrolswindow.obj
e:\projects\waves\waves\release\wire.obj
e:\projects\waves\waves\release\heatwave.obj
e:\projects\waves\waves\release\node.obj
e:\projects\waves\waves\release\circuit.obj
e:\projects\waves\waves\release\imgui_draw.obj
e:\projects\waves\waves\release\imgui_demo.obj
e:\projects\waves\waves\release\imgui.obj
e:\projects\waves\waves\release\xmltestreporter.obj
e:\projects\waves\waves\release\timehelpers.obj
e:\projects\waves\waves\release\timeconstraint.obj
e:\projects\waves\waves\release\testrunner.obj
e:\projects\waves\waves\release\testresults.obj
e:\projects\waves\waves\release\testreporterstdout.obj
e:\projects\waves\waves\release\testreporter.obj
e:\projects\waves\waves\release\testlist.obj
e:\projects\waves\waves\release\testdetails.obj
e:\projects\waves\waves\release\test.obj
e:\projects\waves\waves\release\reportassert.obj
e:\projects\waves\waves\release\memoryoutstream.obj
e:\projects\waves\waves\release\deferredtestresult.obj
e:\projects\waves\waves\release\deferredtestreporter.obj
e:\projects\waves\waves\release\currenttest.obj
e:\projects\waves\waves\release\compositetestreporter.obj
e:\projects\waves\waves\release\checks.obj
e:\projects\waves\waves\release\assertexception.obj
e:\projects\waves\release\heatwave.exe
e:\projects\waves\release\heatwave.pdb
e:\projects\waves\waves\release\heatwave.tlog\cl.command.1.tlog
e:\projects\waves\waves\release\heatwave.tlog\cl.read.1.tlog
e:\projects\waves\waves\release\heatwave.tlog\cl.write.1.tlog
e:\projects\waves\waves\release\heatwave.tlog\link.command.1.tlog
e:\projects\waves\waves\release\heatwave.tlog\link.read.1.tlog
e:\projects\waves\waves\release\heatwave.tlog\link.write.1.tlog
